<?xml version="1.0" encoding="UTF-8"?>
<testsuite name="testSuite.todoly.CRUDProjectTest" tests="1" skipped="0" failures="0" errors="0" timestamp="2023-01-01T01:47:48" hostname="VERONICAs-MacBook-Pro.local" time="44.275">
  <properties/>
  <testcase name="verifyCRUDProject()" classname="testSuite.todoly.CRUDProjectTest" time="44.275"/>
  <system-out><![CDATA[]]></system-out>
  <system-err><![CDATA[SLF4J: Failed to load class "org.slf4j.impl.StaticLoggerBinder".
SLF4J: Defaulting to no-operation (NOP) logger implementation
SLF4J: See http://www.slf4j.org/codes.html#StaticLoggerBinder for further details.
Starting ChromeDriver 107.0.5304.62 (1eec40d3a5764881c92085aaee66d25075c159aa-refs/branch-heads/5304@{#942}) on port 20058
Only local connections are allowed.
Please see https://chromedriver.chromium.org/security-considerations for suggestions on keeping ChromeDriver safe.
ChromeDriver was started successfully.
[1672537669.939][WARNING]: This version of ChromeDriver has not been tested with Chrome version 108.
Dec 31, 2022 9:47:50 PM org.openqa.selenium.devtools.CdpVersionFinder findNearestMatch
WARNING: Unable to find an exact match for CDP version 108, so returning the closest version found: 106
]]></system-err>
</testsuite>
